2021-10-31 18:55:28.783  INFO 37412 --- [main] c.b.b.BackmanagerApplicationTests        : Starting BackmanagerApplicationTests using Java 11.0.1 on LAPTOP-1HLPFO8U with PID 37412 (started by w2562 in D:\vsSpace\vueProject\backmanager)
2021-10-31 18:55:28.798  INFO 37412 --- [main] c.b.b.BackmanagerApplicationTests        : No active profile set, falling back to default profiles: default
2021-10-31 18:55:29.482  INFO 37412 --- [main] .s.d.r.c.RepositoryConfigurationDelegate : Multiple Spring Data modules found, entering strict repository configuration mode!
2021-10-31 18:55:29.486  INFO 37412 --- [main] .s.d.r.c.RepositoryConfigurationDelegate : Bootstrapping Spring Data Redis repositories in DEFAULT mode.
2021-10-31 18:55:29.517  INFO 37412 --- [main] .s.d.r.c.RepositoryConfigurationDelegate : Finished Spring Data repository scanning in 9 ms. Found 0 Redis repository interfaces.
2021-10-31 18:55:31.649  INFO 37412 --- [main] c.b.b.BackmanagerApplicationTests        : Started BackmanagerApplicationTests in 3.228 seconds (JVM running for 4.386)
2021-10-31 18:55:53.265  INFO 34892 --- [main] c.b.b.BackmanagerApplicationTests        : Starting BackmanagerApplicationTests using Java 11.0.1 on LAPTOP-1HLPFO8U with PID 34892 (started by w2562 in D:\vsSpace\vueProject\backmanager)
2021-10-31 18:55:53.268  INFO 34892 --- [main] c.b.b.BackmanagerApplicationTests        : No active profile set, falling back to default profiles: default
2021-10-31 18:55:54.012  INFO 34892 --- [main] .s.d.r.c.RepositoryConfigurationDelegate : Multiple Spring Data modules found, entering strict repository configuration mode!
2021-10-31 18:55:54.017  INFO 34892 --- [main] .s.d.r.c.RepositoryConfigurationDelegate : Bootstrapping Spring Data Redis repositories in DEFAULT mode.
2021-10-31 18:55:54.042  INFO 34892 --- [main] .s.d.r.c.RepositoryConfigurationDelegate : Finished Spring Data repository scanning in 11 ms. Found 0 Redis repository interfaces.
2021-10-31 18:55:56.008  INFO 34892 --- [main] c.b.b.BackmanagerApplicationTests        : Started BackmanagerApplicationTests in 3.121 seconds (JVM running for 4.188)
2021-10-31 19:00:01.276  INFO 12268 --- [restartedMain] c.b.backmanager.BackmanagerApplication   : Starting BackmanagerApplication using Java 11.0.1 on LAPTOP-1HLPFO8U with PID 12268 (D:\vsSpace\vueProject\backmanager\target\classes started by w2562 in D:\vsSpace\vueProject\backmanager)
2021-10-31 19:00:01.279  INFO 12268 --- [restartedMain] c.b.backmanager.BackmanagerApplication   : No active profile set, falling back to default profiles: default
2021-10-31 19:00:01.366  INFO 12268 --- [restartedMain] .e.DevToolsPropertyDefaultsPostProcessor : Devtools property defaults active! Set 'spring.devtools.add-properties' to 'false' to disable
2021-10-31 19:00:01.368  INFO 12268 --- [restartedMain] .e.DevToolsPropertyDefaultsPostProcessor : For additional web related logging consider setting the 'logging.level.web' property to 'DEBUG'
2021-10-31 19:00:02.042  INFO 12268 --- [restartedMain] .s.d.r.c.RepositoryConfigurationDelegate : Multiple Spring Data modules found, entering strict repository configuration mode!
2021-10-31 19:00:02.045  INFO 12268 --- [restartedMain] .s.d.r.c.RepositoryConfigurationDelegate : Bootstrapping Spring Data Redis repositories in DEFAULT mode.
2021-10-31 19:00:02.074  INFO 12268 --- [restartedMain] .s.d.r.c.RepositoryConfigurationDelegate : Finished Spring Data repository scanning in 11 ms. Found 0 Redis repository interfaces.
2021-10-31 19:00:03.043  INFO 12268 --- [restartedMain] o.s.b.w.embedded.tomcat.TomcatWebServer  : Tomcat initialized with port(s): 8080 (http)
2021-10-31 19:00:03.063  INFO 12268 --- [restartedMain] o.apache.catalina.core.StandardService   : Starting service [Tomcat]
2021-10-31 19:00:03.064  INFO 12268 --- [restartedMain] org.apache.catalina.core.StandardEngine  : Starting Servlet engine: [Apache Tomcat/9.0.53]
2021-10-31 19:00:03.169  INFO 12268 --- [restartedMain] o.a.c.c.C.[Tomcat].[localhost].[/]       : Initializing Spring embedded WebApplicationContext
2021-10-31 19:00:03.170  INFO 12268 --- [restartedMain] w.s.c.ServletWebServerApplicationContext : Root WebApplicationContext: initialization completed in 1801 ms
2021-10-31 19:00:04.144  INFO 12268 --- [restartedMain] o.s.b.d.a.OptionalLiveReloadServer       : LiveReload server is running on port 35729
2021-10-31 19:00:04.192  INFO 12268 --- [restartedMain] o.s.b.w.embedded.tomcat.TomcatWebServer  : Tomcat started on port(s): 8080 (http) with context path ''
2021-10-31 19:00:04.213  INFO 12268 --- [restartedMain] c.b.backmanager.BackmanagerApplication   : Started BackmanagerApplication in 3.52 seconds (JVM running for 4.215)
